C51 COMPILER V9.00   SERVER                                                                08/02/2019 20:21:40 PAGE 1   


C51 COMPILER V9.00, COMPILATION OF MODULE SERVER
OBJECT MODULE PLACED IN server.OBJ
COMPILER INVOKED BY: E:\C51\BIN\C51.EXE server.c BROWSE DEBUG OBJECTEXTEND

line level    source

   1          #include"server.h"
   2          uint T;
   3          uint count;
   4          void delay(uint xms)
   5          {
   6   1              uint j,k;
   7   1              for(j=xms;j>0;j--)
   8   1                      for(k=125;k>0;k--);
   9   1      }
  10          void Init1()
  11          {
  12   1              TMOD=0x01;                        //定时器0，工作方式1
  13   1              TH0=0xff;
  14   1              TL0=0x06;                        //12MHZ时 250us --> 0.25ms
  15   1              EA=1;
  16   1              ET0=1;
  17   1              TR0=1;
  18   1      }
  19          void KeyScan()
  20          {
  21   1              if(key1==0)
  22   1              {
  23   2                      delay(10);
  24   2                      if(key1==0)
  25   2                      {
  26   3                                      T=1;              //从T=1时计数，计数10次，使PWM波满足2.5ms
  27   3                                      while(key1==1);
  28   3                      }
  29   2              }
  30   1              if(key2==0)
  31   1              {
  32   2                      delay(10);
  33   2                      if(key2==0)
  34   2                      {
  35   3                              T=9;                      //从T=9计数，计数2次，满足PWM波为0.5ms
  36   3                              while(key2==1);                         
  37   3                      }
  38   2              }
  39   1      
  40   1      }
  41          
  42          void Timer0()interrupt 1
  43          {
  44   1              TH0=0xff;
  45   1              TL0=0x06;
  46   1              T++;                              //每当计数0.25ms时T+1
  47   1              if(T<=10)                         //0.25ms*10=2.5ms  -->  2.5ms内为高电平
  48   1              {
  49   2                      PWM=1;  
  50   2              }
  51   1              else if(T>10&&T<80000)            //其余为低电平  -->  总时长0.25ms*80000=20ms
  52   1              {PWM=0;}
  53   1              else if(T==80000)                 //计满后清零，保证周期为20ms
  54   1              T=0;
  55   1      }
C51 COMPILER V9.00   SERVER                                                                08/02/2019 20:21:40 PAGE 2   



MODULE INFORMATION:   STATIC OVERLAYABLE
   CODE SIZE        =    233    ----
   CONSTANT SIZE    =   ----    ----
   XDATA SIZE       =   ----    ----
   PDATA SIZE       =   ----    ----
   DATA SIZE        =      4    ----
   IDATA SIZE       =   ----    ----
   BIT SIZE         =   ----    ----
END OF MODULE INFORMATION.


C51 COMPILATION COMPLETE.  0 WARNING(S),  0 ERROR(S)
