C51 COMPILER V9.60.0.0   LCD                                                               10/29/2019 21:32:02 PAGE 1   


C51 COMPILER V9.60.0.0, COMPILATION OF MODULE LCD
OBJECT MODULE PLACED IN lcd.OBJ
COMPILER INVOKED BY: D:\Keil_v5\C51\BIN\C51.EXE lcd.c OPTIMIZE(8,SPEED) BROWSE DEBUG OBJECTEXTEND TABS(2)

line level    source

   1          #include "lcd.h"
   2          
   3          void lcd_delayms(uint c)
   4          {
   5   1        uint a,b;
   6   1        for(;c>0;c--)
   7   1          for(b=199;b>0;b--)
   8   1            for(a=1;a>0;a--);
   9   1      }
  10          #ifndef  LCD1602_4PINS
  11          void lcdWriteCom(uchar com)     //写入操作明令
  12          {
  13   1        lcd_rs=0;
  14   1        lcd_e=0;
  15   1        lcd_rw=0;
  16   1      
  17   1        P0=com;
  18   1        lcd_delayms(1);
  19   1      
  20   1        lcd_e=1;
  21   1        lcd_delayms(5);
  22   1        lcd_e=0;
  23   1      }
  24          #else
              void lcdWriteCom(uchar com)     //写入操作明令
              {
                lcd_rs=0;
                lcd_e=0;
                lcd_rw=0;
              
                P0=com;
                lcd_delayms(1);
              
                lcd_e=1;
                lcd_delayms(5);
                lcd_e=0;
              
                P0=com<<4;
                lcd_delayms(1);
              
                lcd_e=1;
                lcd_delayms(5);
                lcd_e=0;
              }
              #endif
  46          
  47          #ifndef  LCD1602_4PINS 
  48          void lcdWriteDate(uchar date)   //写入数据
  49          {
  50   1        lcd_rs=1;
  51   1        lcd_e=0;
  52   1        lcd_rw=0;
  53   1      
  54   1        P0=date;
  55   1        lcd_delayms(1);
C51 COMPILER V9.60.0.0   LCD                                                               10/29/2019 21:32:02 PAGE 2   

  56   1      
  57   1        lcd_e=1;
  58   1        lcd_delayms(5);
  59   1        lcd_e=0;
  60   1      }
  61          #else
              void lcdWriteDate(uchar date) //写入数据
              {
                lcd_rs=1;
                lcd_e=0;
                lcd_rw=0;
              
                P0=date;
                lcd_delayms(1);
              
                lcd_e=1;
                lcd=delayms(5);
                lcd_e=0;
              
                P0=date<<4;
                lcd_delayms(1);
              
                lcd_e=1;
                lcd=delayms(5);
                lcd_e=0;
              }
              #endif
  83          
  84          #ifndef  LCD1602_4PINS
  85          void lcdInit()
  86          {
  87   1        lcdWriteCom(0x38);  //开显示
  88   1        lcdWriteCom(0x0c);  //开显示不开光标
  89   1        lcdWriteCom(0x06);  //指针加1
  90   1        lcdWriteCom(0x01);  //清屏
  91   1        lcdWriteCom(0x80);  //设置指针起点
  92   1      }
  93          #else
              void lcdInit()
              {
                lcdWriteCom(0x32);   //8位总线转化4位总线
                lcdWriteCom(0x28);
                lcdWriteCom(0x0c);
                lcdWriteCom(0x06);
                lcdWriteCom(0x01);
                lcdWriteCom(0x80);
              }
              #endif


MODULE INFORMATION:   STATIC OVERLAYABLE
   CODE SIZE        =    103    ----
   CONSTANT SIZE    =   ----    ----
   XDATA SIZE       =   ----    ----
   PDATA SIZE       =   ----    ----
   DATA SIZE        =   ----    ----
   IDATA SIZE       =   ----    ----
   BIT SIZE         =   ----    ----
END OF MODULE INFORMATION.


C51 COMPILATION COMPLETE.  0 WARNING(S),  0 ERROR(S)
